\BOOKMARK [1][-]{section.1}{\376\377\000I\000n\000t\000r\000o\000d\000u\000c\000t\000i\000o\000n}{}% 1
\BOOKMARK [2][-]{subsection.1.1}{\376\377\000M\000o\000t\000i\000v\000a\000t\000i\000o\000n\000\040\000a\000n\000d\000\040\000C\000h\000a\000l\000l\000e\000n\000g\000e\000s}{section.1}% 2
\BOOKMARK [2][-]{subsection.1.2}{\376\377\000P\000r\000i\000o\000r\000\040\000W\000o\000r\000k\000\040\000a\000n\000d\000\040\000t\000h\000e\000\040\000T\000r\000i\000c\000o\000n\000n\000e\000c\000t\000e\000d\000\040\000C\000a\000s\000e}{section.1}% 3
\BOOKMARK [2][-]{subsection.1.3}{\376\377\000T\000h\000e\000\040\000M\000u\000l\000t\000i\000-\000E\000d\000g\000e\000\040\000P\000r\000o\000b\000l\000e\000m\000\040\000i\000n\000\040\000B\000i\000c\000o\000n\000n\000e\000c\000t\000e\000d\000\040\000G\000r\000a\000p\000h\000s}{section.1}% 4
\BOOKMARK [2][-]{subsection.1.4}{\376\377\000O\000u\000r\000\040\000C\000o\000n\000t\000r\000i\000b\000u\000t\000i\000o\000n}{section.1}% 5
\BOOKMARK [2][-]{subsection.1.5}{\376\377\000P\000a\000p\000e\000r\000\040\000O\000r\000g\000a\000n\000i\000z\000a\000t\000i\000o\000n}{section.1}% 6
\BOOKMARK [2][-]{subsection.1.6}{\376\377\000T\000r\000i\000a\000n\000g\000u\000l\000a\000t\000i\000o\000n\000\040\000E\000n\000u\000m\000e\000r\000a\000t\000i\000o\000n}{section.1}% 7
\BOOKMARK [2][-]{subsection.1.7}{\376\377\000R\000e\000v\000e\000r\000s\000e\000\040\000S\000e\000a\000r\000c\000h\000\040\000a\000n\000d\000\040\000T\000r\000e\000e\000-\000B\000a\000s\000e\000d\000\040\000E\000n\000u\000m\000e\000r\000a\000t\000i\000o\000n}{section.1}% 8
\BOOKMARK [2][-]{subsection.1.8}{\376\377\000T\000h\000e\000\040\000P\000a\000r\000v\000e\000z\000-\000R\000a\000h\000m\000a\000n\000-\000N\000a\000k\000a\000n\000o\000\040\000A\000l\000g\000o\000r\000i\000t\000h\000m}{section.1}% 9
\BOOKMARK [2][-]{subsection.1.9}{\376\377\000T\000h\000e\000\040\000M\000u\000l\000t\000i\000-\000E\000d\000g\000e\000\040\000P\000r\000o\000b\000l\000e\000m}{section.1}% 10
\BOOKMARK [2][-]{subsection.1.10}{\376\377\000C\000o\000m\000p\000a\000r\000i\000s\000o\000n\000:\000\040\000T\000r\000i\000c\000o\000n\000n\000e\000c\000t\000e\000d\000\040\000v\000s\000.\000\040\000B\000i\000c\000o\000n\000n\000e\000c\000t\000e\000d\000\040\000A\000p\000p\000r\000o\000a\000c\000h}{section.1}% 11
\BOOKMARK [1][-]{section.2}{\376\377\000P\000r\000e\000l\000i\000m\000i\000n\000a\000r\000i\000e\000s}{}% 12
\BOOKMARK [2][-]{subsection.2.1}{\376\377\000B\000a\000s\000i\000c\000\040\000G\000r\000a\000p\000h\000\040\000T\000h\000e\000o\000r\000y}{section.2}% 13
\BOOKMARK [2][-]{subsection.2.2}{\376\377\000P\000l\000a\000n\000a\000r\000\040\000G\000r\000a\000p\000h\000s\000\040\000a\000n\000d\000\040\000P\000l\000a\000n\000e\000\040\000E\000m\000b\000e\000d\000d\000i\000n\000g\000s}{section.2}% 14
\BOOKMARK [2][-]{subsection.2.3}{\376\377\000C\000y\000c\000l\000e\000s\000\040\000a\000n\000d\000\040\000C\000h\000o\000r\000d\000s}{section.2}% 15
\BOOKMARK [2][-]{subsection.2.4}{\376\377\000T\000r\000i\000a\000n\000g\000u\000l\000a\000t\000i\000o\000n\000s}{section.2}% 16
\BOOKMARK [2][-]{subsection.2.5}{\376\377\000V\000i\000s\000i\000b\000i\000l\000i\000t\000y\000\040\000i\000n\000\040\000T\000r\000i\000a\000n\000g\000u\000l\000a\000t\000i\000o\000n\000s}{section.2}% 17
\BOOKMARK [2][-]{subsection.2.6}{\376\377\000K\000e\000y\000\040\000D\000e\000f\000i\000n\000i\000t\000i\000o\000n\000s\000\040\000f\000o\000r\000\040\000O\000u\000r\000\040\000A\000l\000g\000o\000r\000i\000t\000h\000m}{section.2}% 18
\BOOKMARK [2][-]{subsection.2.7}{\376\377\000G\000l\000o\000s\000s\000a\000r\000y\000\040\000o\000f\000\040\000N\000o\000t\000a\000t\000i\000o\000n}{section.2}% 19
\BOOKMARK [1][-]{section.3}{\376\377\000T\000h\000e\000\040\000A\000l\000g\000o\000r\000i\000t\000h\000m}{}% 20
\BOOKMARK [2][-]{subsection.3.1}{\376\377\000A\000l\000g\000o\000r\000i\000t\000h\000m\000\040\000O\000v\000e\000r\000v\000i\000e\000w}{section.3}% 21
\BOOKMARK [2][-]{subsection.3.2}{\376\377\000A\000l\000g\000o\000r\000i\000t\000h\000m\000\040\000S\000u\000m\000m\000a\000r\000y}{section.3}% 22
\BOOKMARK [2][-]{subsection.3.3}{\376\377\000K\000e\000y\000\040\000I\000n\000n\000o\000v\000a\000t\000i\000o\000n\000s}{section.3}% 23
\BOOKMARK [3][-]{subsubsection.3.3.1}{\376\377\000I\000n\000n\000o\000v\000a\000t\000i\000o\000n\000\040\0001\000:\000\040\000L\000o\000c\000a\000l\000\040\000G\000e\000n\000e\000a\000l\000o\000g\000i\000c\000a\000l\000\040\000T\000r\000e\000e\000s}{subsection.3.3}% 24
\BOOKMARK [3][-]{subsubsection.3.3.2}{\376\377\000I\000n\000n\000o\000v\000a\000t\000i\000o\000n\000\040\0002\000:\000\040\000S\000a\000f\000e\000\040\000R\000o\000o\000t\000\040\000V\000e\000r\000t\000e\000x\000\040\000S\000e\000l\000e\000c\000t\000i\000o\000n}{subsection.3.3}% 25
\BOOKMARK [3][-]{subsubsection.3.3.3}{\376\377\000I\000n\000n\000o\000v\000a\000t\000i\000o\000n\000\040\0003\000:\000\040\000G\000l\000o\000b\000a\000l\000\040\000C\000h\000o\000r\000d\000\040\000S\000e\000t\000\040\000w\000i\000t\000h\000\040\000D\000y\000n\000a\000m\000i\000c\000\040\000M\000a\000n\000a\000g\000e\000m\000e\000n\000t}{subsection.3.3}% 26
\BOOKMARK [2][-]{subsection.3.4}{\376\377\000S\000a\000f\000e\000\040\000R\000o\000o\000t\000\040\000V\000e\000r\000t\000e\000x\000\040\000S\000e\000l\000e\000c\000t\000i\000o\000n}{section.3}% 27
\BOOKMARK [2][-]{subsection.3.5}{\376\377\000R\000o\000o\000t\000\040\000T\000r\000i\000a\000n\000g\000u\000l\000a\000t\000i\000o\000n}{section.3}% 28
\BOOKMARK [2][-]{subsection.3.6}{\376\377\000L\000o\000c\000a\000l\000\040\000G\000e\000n\000e\000a\000l\000o\000g\000i\000c\000a\000l\000\040\000T\000r\000e\000e}{section.3}% 29
\BOOKMARK [2][-]{subsection.3.7}{\376\377\000M\000a\000i\000n\000\040\000A\000l\000g\000o\000r\000i\000t\000h\000m}{section.3}% 30
\BOOKMARK [2][-]{subsection.3.8}{\376\377\000C\000h\000i\000l\000d\000\040\000G\000e\000n\000e\000r\000a\000t\000i\000o\000n\000\040\000v\000i\000a\000\040\000E\000d\000g\000e\000\040\000F\000l\000i\000p\000p\000i\000n\000g}{section.3}% 31
\BOOKMARK [3][-]{subsubsection.3.8.1}{\376\377\000N\000o\000t\000a\000t\000i\000o\000n\000\040\000f\000o\000r\000\040\000E\000d\000g\000e\000\040\000F\000l\000i\000p\000p\000i\000n\000g\000\040\000O\000p\000e\000r\000a\000t\000i\000o\000n\000s}{subsection.3.8}% 32
\BOOKMARK [2][-]{subsection.3.9}{\376\377\000C\000o\000m\000p\000l\000e\000t\000e\000\040\000A\000l\000g\000o\000r\000i\000t\000h\000m\000\040\000S\000p\000e\000c\000i\000f\000i\000c\000a\000t\000i\000o\000n}{section.3}% 33
\BOOKMARK [3][-]{subsubsection.3.9.1}{\376\377\000M\000a\000i\000n\000\040\000E\000n\000t\000r\000y\000\040\000P\000o\000i\000n\000t}{subsection.3.9}% 34
\BOOKMARK [3][-]{subsubsection.3.9.2}{\376\377\000F\000a\000c\000e\000-\000L\000e\000v\000e\000l\000\040\000T\000r\000i\000a\000n\000g\000u\000l\000a\000t\000i\000o\000n}{subsection.3.9}% 35
\BOOKMARK [3][-]{subsubsection.3.9.3}{\376\377\000R\000e\000c\000u\000r\000s\000i\000v\000e\000\040\000C\000h\000i\000l\000d\000\040\000G\000e\000n\000e\000r\000a\000t\000i\000o\000n}{subsection.3.9}% 36
\BOOKMARK [3][-]{subsubsection.3.9.4}{\376\377\000O\000u\000t\000p\000u\000t\000\040\000a\000n\000d\000\040\000R\000e\000c\000u\000r\000s\000i\000o\000n\000\040\000C\000o\000n\000t\000r\000o\000l}{subsection.3.9}% 37
\BOOKMARK [3][-]{subsubsection.3.9.5}{\376\377\000S\000a\000f\000e\000\040\000R\000o\000o\000t\000\040\000F\000i\000n\000d\000i\000n\000g}{subsection.3.9}% 38
\BOOKMARK [2][-]{subsection.3.10}{\376\377\000A\000l\000g\000o\000r\000i\000t\000h\000m\000\040\000W\000a\000l\000k\000t\000h\000r\000o\000u\000g\000h}{section.3}% 39
\BOOKMARK [2][-]{subsection.3.11}{\376\377\000K\000e\000y\000\040\000P\000r\000o\000p\000e\000r\000t\000i\000e\000s}{section.3}% 40
\BOOKMARK [2][-]{subsection.3.12}{\376\377\000S\000p\000e\000c\000i\000a\000l\000\040\000C\000a\000s\000e\000:\000\040\000F\000o\000u\000r\000-\000V\000e\000r\000t\000e\000x\000\040\000F\000a\000c\000e\000s}{section.3}% 41
\BOOKMARK [2][-]{subsection.3.13}{\376\377\000W\000h\000y\000\040\000T\000h\000i\000s\000\040\000A\000p\000p\000r\000o\000a\000c\000h\000\040\000W\000o\000r\000k\000s\000:\000\040\000K\000e\000y\000\040\000I\000n\000s\000i\000g\000h\000t\000s}{section.3}% 42
\BOOKMARK [3][-]{subsubsection.3.13.1}{\376\377\000S\000a\000f\000e\000\040\000R\000o\000o\000t\000s\000\040\000S\000o\000l\000v\000e\000\040\000t\000h\000e\000\040\000I\000n\000i\000t\000i\000a\000l\000i\000z\000a\000t\000i\000o\000n\000\040\000P\000r\000o\000b\000l\000e\000m}{subsection.3.13}% 43
\BOOKMARK [3][-]{subsubsection.3.13.2}{\376\377\000L\000o\000c\000a\000l\000\040\000T\000r\000e\000e\000s\000\040\000+\000\040\000G\000l\000o\000b\000a\000l\000\040\000C\000h\000o\000r\000d\000s\000\040\000P\000r\000e\000v\000e\000n\000t\000\040\000D\000u\000p\000l\000i\000c\000a\000t\000e\000s}{subsection.3.13}% 44
\BOOKMARK [3][-]{subsubsection.3.13.3}{\376\377\000P\000r\000u\000n\000i\000n\000g\000\040\000I\000n\000v\000a\000l\000i\000d\000\040\000B\000r\000a\000n\000c\000h\000e\000s\000\040\000P\000r\000e\000s\000e\000r\000v\000e\000s\000\040\000C\000o\000m\000p\000l\000e\000t\000e\000n\000e\000s\000s}{subsection.3.13}% 45
\BOOKMARK [3][-]{subsubsection.3.13.4}{\376\377\000S\000u\000m\000m\000a\000r\000y\000:\000\040\000T\000h\000e\000\040\000T\000h\000r\000e\000e\000\040\000P\000i\000l\000l\000a\000r\000s}{subsection.3.13}% 46
\BOOKMARK [1][-]{section.4}{\376\377\000C\000o\000r\000r\000e\000c\000t\000n\000e\000s\000s\000\040\000a\000n\000d\000\040\000C\000o\000m\000p\000l\000e\000t\000e\000n\000e\000s\000s}{}% 47
\BOOKMARK [2][-]{subsection.4.1}{\376\377\000E\000x\000i\000s\000t\000e\000n\000c\000e\000\040\000o\000f\000\040\000S\000a\000f\000e\000\040\000R\000o\000o\000t\000\040\000V\000e\000r\000t\000i\000c\000e\000s}{section.4}% 48
\BOOKMARK [2][-]{subsection.4.2}{\376\377\000C\000o\000m\000p\000l\000e\000t\000e\000n\000e\000s\000s\000\040\000v\000i\000a\000\040\000P\000r\000u\000n\000i\000n\000g}{section.4}% 49
\BOOKMARK [1][-]{section.5}{\376\377\000C\000o\000m\000p\000l\000e\000x\000i\000t\000y\000\040\000A\000n\000a\000l\000y\000s\000i\000s}{}% 50
\BOOKMARK [2][-]{subsection.5.1}{\376\377\000T\000i\000m\000e\000\040\000C\000o\000m\000p\000l\000e\000x\000i\000t\000y}{section.5}% 51
\BOOKMARK [3][-]{subsubsection.5.1.1}{\376\377\000M\000i\000n\000i\000m\000u\000m\000\040\000T\000r\000i\000a\000n\000g\000u\000l\000a\000t\000i\000o\000n\000s\000\040\000G\000u\000a\000r\000a\000n\000t\000e\000e}{subsection.5.1}% 52
\BOOKMARK [3][-]{subsubsection.5.1.2}{\376\377\000M\000a\000i\000n\000\040\000T\000i\000m\000e\000\040\000C\000o\000m\000p\000l\000e\000x\000i\000t\000y\000\040\000T\000h\000e\000o\000r\000e\000m}{subsection.5.1}% 53
\BOOKMARK [2][-]{subsection.5.2}{\376\377\000E\000m\000p\000i\000r\000i\000c\000a\000l\000\040\000V\000a\000l\000i\000d\000a\000t\000i\000o\000n\000\040\000o\000f\000\040\000L\000o\000w\000e\000r\000\040\000B\000o\000u\000n\000d\000s}{section.5}% 54
\BOOKMARK [3][-]{subsubsection.5.2.1}{\376\377\000E\000x\000p\000e\000r\000i\000m\000e\000n\000t\000a\000l\000\040\000M\000e\000t\000h\000o\000d\000o\000l\000o\000g\000y\000\040\000f\000o\000r\000\040\000L\000o\000w\000e\000r\000\040\000B\000o\000u\000n\000d\000\040\000V\000a\000l\000i\000d\000a\000t\000i\000o\000n}{subsection.5.2}% 55
\BOOKMARK [3][-]{subsubsection.5.2.2}{\376\377\000S\000t\000a\000t\000i\000s\000t\000i\000c\000a\000l\000\040\000D\000i\000s\000t\000r\000i\000b\000u\000t\000i\000o\000n\000\040\000A\000n\000a\000l\000y\000s\000i\000s}{subsection.5.2}% 56
\BOOKMARK [3][-]{subsubsection.5.2.3}{\376\377\000C\000o\000r\000r\000e\000l\000a\000t\000i\000o\000n\000\040\000A\000n\000a\000l\000y\000s\000i\000s}{subsection.5.2}% 57
\BOOKMARK [3][-]{subsubsection.5.2.4}{\376\377\000D\000i\000s\000t\000r\000i\000b\000u\000t\000i\000o\000n\000\040\000b\000y\000\040\000G\000r\000a\000p\000h\000\040\000C\000l\000a\000s\000s}{subsection.5.2}% 58
\BOOKMARK [3][-]{subsubsection.5.2.5}{\376\377\000C\000o\000n\000f\000i\000d\000e\000n\000c\000e\000\040\000I\000n\000t\000e\000r\000v\000a\000l\000\040\000V\000e\000r\000i\000f\000i\000c\000a\000t\000i\000o\000n}{subsection.5.2}% 59
\BOOKMARK [3][-]{subsubsection.5.2.6}{\376\377\000S\000u\000m\000m\000a\000r\000y\000\040\000o\000f\000\040\000E\000m\000p\000i\000r\000i\000c\000a\000l\000\040\000F\000i\000n\000d\000i\000n\000g\000s}{subsection.5.2}% 60
\BOOKMARK [3][-]{subsubsection.5.2.7}{\376\377\000U\000n\000d\000e\000r\000s\000t\000a\000n\000d\000i\000n\000g\000\040\000C\000a\000t\000a\000l\000a\000n\000\040\000N\000u\000m\000b\000e\000r\000s\000\040\000a\000n\000d\000\040\000T\000r\000i\000a\000n\000g\000u\000l\000a\000t\000i\000o\000n\000\040\000B\000o\000u\000n\000d\000s}{subsection.5.2}% 61
\BOOKMARK [2][-]{subsection.5.3}{\376\377\000S\000p\000a\000c\000e\000\040\000C\000o\000m\000p\000l\000e\000x\000i\000t\000y}{section.5}% 62
\BOOKMARK [2][-]{subsection.5.4}{\376\377\000C\000o\000m\000p\000l\000e\000x\000i\000t\000y\000\040\000S\000u\000m\000m\000a\000r\000y}{section.5}% 63
\BOOKMARK [1][-]{section.6}{\376\377\000I\000m\000p\000l\000e\000m\000e\000n\000t\000a\000t\000i\000o\000n\000\040\000a\000n\000d\000\040\000E\000x\000p\000e\000r\000i\000m\000e\000n\000t\000a\000l\000\040\000R\000e\000s\000u\000l\000t\000s}{}% 64
\BOOKMARK [2][-]{subsection.6.1}{\376\377\000I\000m\000p\000l\000e\000m\000e\000n\000t\000a\000t\000i\000o\000n\000\040\000D\000e\000t\000a\000i\000l\000s}{section.6}% 65
\BOOKMARK [2][-]{subsection.6.2}{\376\377\000D\000F\000S\000\040\000E\000x\000p\000l\000o\000r\000a\000t\000i\000o\000n\000\040\000T\000r\000e\000e\000\040\000S\000t\000r\000u\000c\000t\000u\000r\000e}{section.6}% 66
\BOOKMARK [2][-]{subsection.6.3}{\376\377\000G\000l\000o\000b\000a\000l\000C\000h\000o\000r\000d\000S\000e\000t\000\040\000M\000a\000n\000a\000g\000e\000m\000e\000n\000t}{section.6}% 67
\BOOKMARK [2][-]{subsection.6.4}{\376\377\000T\000e\000s\000t\000\040\000C\000a\000s\000e\000s}{section.6}% 68
\BOOKMARK [2][-]{subsection.6.5}{\376\377\000P\000e\000r\000f\000o\000r\000m\000a\000n\000c\000e\000\040\000R\000e\000s\000u\000l\000t\000s}{section.6}% 69
\BOOKMARK [2][-]{subsection.6.6}{\376\377\000D\000e\000t\000a\000i\000l\000e\000d\000\040\000E\000x\000p\000e\000r\000i\000m\000e\000n\000t\000a\000l\000\040\000R\000e\000s\000u\000l\000t\000s}{section.6}% 70
\BOOKMARK [3][-]{subsubsection.6.6.1}{\376\377\000A\000n\000a\000l\000y\000s\000i\000s\000\040\000o\000f\000\040\000E\000x\000p\000e\000r\000i\000m\000e\000n\000t\000a\000l\000\040\000R\000e\000s\000u\000l\000t\000s}{subsection.6.6}% 71
\BOOKMARK [2][-]{subsection.6.7}{\376\377\000V\000e\000r\000i\000f\000i\000c\000a\000t\000i\000o\000n\000\040\000a\000n\000d\000\040\000V\000a\000l\000i\000d\000a\000t\000i\000o\000n}{section.6}% 72
\BOOKMARK [2][-]{subsection.6.8}{\376\377\000P\000r\000a\000c\000t\000i\000c\000a\000l\000\040\000O\000p\000t\000i\000m\000i\000z\000a\000t\000i\000o\000n\000s}{section.6}% 73
\BOOKMARK [3][-]{subsubsection.6.8.1}{\376\377\000H\000a\000s\000h\000\040\000S\000e\000t\000\040\000I\000m\000p\000l\000e\000m\000e\000n\000t\000a\000t\000i\000o\000n}{subsection.6.8}% 74
\BOOKMARK [3][-]{subsubsection.6.8.2}{\376\377\000S\000a\000f\000e\000\040\000R\000o\000o\000t\000\040\000C\000a\000c\000h\000i\000n\000g}{subsection.6.8}% 75
\BOOKMARK [3][-]{subsubsection.6.8.3}{\376\377\000L\000a\000z\000y\000\040\000C\000h\000o\000r\000d\000\040\000S\000e\000t\000\040\000U\000p\000d\000a\000t\000e\000s}{subsection.6.8}% 76
\BOOKMARK [3][-]{subsubsection.6.8.4}{\376\377\000E\000a\000r\000l\000y\000\040\000P\000r\000u\000n\000i\000n\000g}{subsection.6.8}% 77
\BOOKMARK [3][-]{subsubsection.6.8.5}{\376\377\000M\000e\000m\000o\000r\000y\000-\000M\000a\000p\000p\000e\000d\000\040\000O\000u\000t\000p\000u\000t}{subsection.6.8}% 78
\BOOKMARK [3][-]{subsubsection.6.8.6}{\376\377\000C\000o\000m\000b\000i\000n\000e\000d\000\040\000I\000m\000p\000a\000c\000t}{subsection.6.8}% 79
\BOOKMARK [1][-]{section.7}{\376\377\000C\000o\000n\000c\000l\000u\000s\000i\000o\000n\000\040\000a\000n\000d\000\040\000F\000u\000t\000u\000r\000e\000\040\000W\000o\000r\000k}{}% 80
\BOOKMARK [2][-]{subsection.7.1}{\376\377\000K\000e\000y\000\040\000A\000c\000h\000i\000e\000v\000e\000m\000e\000n\000t\000s}{section.7}% 81
\BOOKMARK [2][-]{subsection.7.2}{\376\377\000T\000h\000e\000o\000r\000e\000t\000i\000c\000a\000l\000\040\000S\000i\000g\000n\000i\000f\000i\000c\000a\000n\000c\000e}{section.7}% 82
\BOOKMARK [2][-]{subsection.7.3}{\376\377\000F\000u\000t\000u\000r\000e\000\040\000D\000i\000r\000e\000c\000t\000i\000o\000n\000s}{section.7}% 83
\BOOKMARK [3][-]{subsubsection.7.3.1}{\376\377\000S\000h\000o\000r\000t\000-\000t\000e\000r\000m\000\040\000E\000x\000t\000e\000n\000s\000i\000o\000n\000s\000\040\000\050\0001\000-\0002\000\040\000y\000e\000a\000r\000s\000\051}{subsection.7.3}% 84
\BOOKMARK [3][-]{subsubsection.7.3.2}{\376\377\000M\000e\000d\000i\000u\000m\000-\000t\000e\000r\000m\000\040\000R\000e\000s\000e\000a\000r\000c\000h\000\040\000\050\0002\000-\0004\000\040\000y\000e\000a\000r\000s\000\051}{subsection.7.3}% 85
\BOOKMARK [3][-]{subsubsection.7.3.3}{\376\377\000L\000o\000n\000g\000-\000t\000e\000r\000m\000\040\000O\000p\000e\000n\000\040\000P\000r\000o\000b\000l\000e\000m\000s\000\040\000\050\0004\000+\000\040\000y\000e\000a\000r\000s\000\051}{subsection.7.3}% 86
\BOOKMARK [3][-]{subsubsection.7.3.4}{\376\377\000R\000e\000s\000e\000a\000r\000c\000h\000\040\000M\000e\000t\000h\000o\000d\000o\000l\000o\000g\000y\000\040\000R\000e\000c\000o\000m\000m\000e\000n\000d\000a\000t\000i\000o\000n\000s}{subsection.7.3}% 87
\BOOKMARK [2][-]{subsection.7.4}{\376\377\000I\000m\000p\000a\000c\000t}{section.7}% 88
\BOOKMARK [2][-]{subsection.7.5}{\376\377\000O\000p\000e\000n\000\040\000P\000r\000o\000b\000l\000e\000m\000s}{section.7}% 89
\BOOKMARK [1][-]{section.8}{\376\377\000S\000u\000p\000p\000l\000e\000m\000e\000n\000t\000a\000r\000y\000\040\000M\000a\000t\000e\000r\000i\000a\000l\000s}{}% 90
\BOOKMARK [2][-]{subsection.8.1}{\376\377\000S\000o\000u\000r\000c\000e\000\040\000C\000o\000d\000e}{section.8}% 91
\BOOKMARK [2][-]{subsection.8.2}{\376\377\000T\000e\000s\000t\000\040\000I\000n\000s\000t\000a\000n\000c\000e\000s}{section.8}% 92
\BOOKMARK [2][-]{subsection.8.3}{\376\377\000E\000x\000p\000e\000r\000i\000m\000e\000n\000t\000a\000l\000\040\000D\000a\000t\000a}{section.8}% 93
\BOOKMARK [2][-]{subsection.8.4}{\376\377\000E\000x\000t\000e\000n\000d\000e\000d\000\040\000P\000r\000o\000o\000f\000s}{section.8}% 94
\BOOKMARK [2][-]{subsection.8.5}{\376\377\000V\000i\000s\000u\000a\000l\000i\000z\000a\000t\000i\000o\000n\000\040\000T\000o\000o\000l\000s}{section.8}% 95
\BOOKMARK [2][-]{subsection.8.6}{\376\377\000L\000i\000c\000e\000n\000s\000e\000\040\000a\000n\000d\000\040\000C\000i\000t\000a\000t\000i\000o\000n}{section.8}% 96
\BOOKMARK [2][-]{subsection.8.7}{\376\377\000C\000o\000n\000t\000a\000c\000t}{section.8}% 97
